<?xml version="1.0" encoding="UTF-8"?>
<!-- Generated by org.testng.reporters.JUnitXMLReporter -->
<testsuite ignored="12" hostname="LAPTOP-E7OUSJFP" failures="0" tests="7" name="Regression Test" time="0.037" errors="0" timestamp="2024-05-19T03:41:21 EEST">
  <testcase classname="testCases.TC002_InValidRegister" name="registerExsitingCustomerTest" time="0.0">
    <skipped/>
  </testcase> <!-- registerExsitingCustomerTest -->
  <testcase classname="testCases.TC003_ValidLoginTest" name="loginWithValidDataTest" time="0.0">
    <skipped/>
  </testcase> <!-- loginWithValidDataTest -->
  <testcase classname="testCases.TC004_InvalidPasswordLoginTest" name="LoginWithValidUserNameAndInvalidPasswordTest" time="0.0">
    <skipped/>
  </testcase> <!-- LoginWithValidUserNameAndInvalidPasswordTest -->
  <testcase classname="testCases.TC005_InvalidUserNameLoginTest" name="LoginWithValidUserNameAndInvalidPasswordTest" time="0.0">
    <skipped/>
  </testcase> <!-- LoginWithValidUserNameAndInvalidPasswordTest -->
  <testcase classname="testCases.TC007_DicountCodeTest" name="addDiscountCodeTest" time="0.0">
    <skipped/>
  </testcase> <!-- addDiscountCodeTest -->
  <testcase classname="testCases.TC008_TermsOfServiceTest" name="verifyMandatoryTermsOfServiceTest" time="0.0">
    <skipped/>
  </testcase> <!-- verifyMandatoryTermsOfServiceTest -->
  <testcase classname="testCases.TC009_BillingAdressMandatoryTest" name="verifyMandatoryTermsOfServiceTest" time="0.0">
    <skipped/>
  </testcase> <!-- verifyMandatoryTermsOfServiceTest -->
  <testcase classname="base.Hooks" name="@BeforeTest openUrl" time="0.0">
    <ignored/>
  </testcase> <!-- @BeforeTest openUrl -->
  <testcase classname="base.Hooks" name="@BeforeTest openUrl" time="0.0">
    <ignored/>
  </testcase> <!-- @BeforeTest openUrl -->
  <testcase classname="base.Hooks" name="@AfterTest quitDriver" time="0.0">
    <ignored/>
  </testcase> <!-- @AfterTest quitDriver -->
  <testcase classname="base.Hooks" name="@BeforeTest openUrl" time="0.0">
    <ignored/>
  </testcase> <!-- @BeforeTest openUrl -->
  <testcase classname="base.Hooks" name="@BeforeTest openUrl" time="0.0">
    <ignored/>
  </testcase> <!-- @BeforeTest openUrl -->
  <testcase classname="base.Hooks" name="@AfterTest quitDriver" time="0.0">
    <ignored/>
  </testcase> <!-- @AfterTest quitDriver -->
  <testcase classname="base.Hooks" name="@AfterTest quitDriver" time="0.0">
    <ignored/>
  </testcase> <!-- @AfterTest quitDriver -->
  <testcase classname="base.Hooks" name="@BeforeTest openUrl" time="0.0">
    <ignored/>
  </testcase> <!-- @BeforeTest openUrl -->
  <testcase classname="base.Hooks" name="@BeforeTest openUrl" time="0.0">
    <ignored/>
  </testcase> <!-- @BeforeTest openUrl -->
  <testcase classname="base.Hooks" name="@AfterTest quitDriver" time="0.0">
    <ignored/>
  </testcase> <!-- @AfterTest quitDriver -->
  <testcase classname="base.Hooks" name="@AfterTest quitDriver" time="0.0">
    <ignored/>
  </testcase> <!-- @AfterTest quitDriver -->
  <testcase classname="base.Hooks" name="@AfterTest quitDriver" time="0.0">
    <ignored/>
  </testcase> <!-- @AfterTest quitDriver -->
</testsuite> <!-- Regression Test -->
