<?xml version="1.0" encoding="UTF-8"?>
<!-- Generated by org.testng.reporters.JUnitXMLReporter -->
<testsuite ignored="0" hostname="L-EGE-6JLGPG3" failures="1" tests="6" name="Regression" time="35.164" errors="0" timestamp="2024-08-08T10:33:55 EET">
  <testcase classname="testCases.TC002_InValidRegister" name="registerExsitingCustomerTest" time="2.184"/>
  <testcase classname="testCases.TC004_InvalidPasswordLoginTest" name="LoginWithValidUserNameAndInvalidPasswordTest" time="1.212"/>
  <testcase classname="testCases.TC005_InvalidUserNameLoginTest" name="LoginWithValidUserNameAndInvalidPasswordTest" time="1.815"/>
  <testcase classname="testCases.TC007_DicountCodeTest" name="addDiscountCodeTest" time="6.543"/>
  <testcase classname="testCases.TC008_TermsOfServiceTest" name="verifyMandatoryTermsOfServiceTest" time="5.658"/>
  <testcase classname="testCases.TC009_BillingAdressMandatoryTest" name="verifyMandatoryTermsOfServiceTest" time="15.032">
    <failure type="java.lang.AssertionError" message="lists don&amp;apos;t have the same size expected [0] but found [5]">
      <![CDATA[java.lang.AssertionError: lists don't have the same size expected [0] but found [5]
at testCases.TC009_BillingAdressMandatoryTest.verifyMandatoryTermsOfServiceTest(TC009_BillingAdressMandatoryTest.java:46)
at java.base/java.util.concurrent.Executors$RunnableAdapter.call(Executors.java:539)
at java.base/java.util.concurrent.FutureTask.run(FutureTask.java:264)
at java.base/java.util.concurrent.ThreadPoolExecutor.runWorker(ThreadPoolExecutor.java:1136)
at java.base/java.util.concurrent.ThreadPoolExecutor$Worker.run(ThreadPoolExecutor.java:635)
at java.base/java.lang.Thread.run(Thread.java:833)
... Removed 21 stack frames]]>
    </failure>
  </testcase> <!-- verifyMandatoryTermsOfServiceTest -->
</testsuite> <!-- Regression -->
