<?xml version="1.0" encoding="UTF-8"?>
<!-- Generated by org.testng.reporters.JUnitXMLReporter -->
<testsuite ignored="3" hostname="LAPTOP-E7OUSJFP" failures="0" tests="0" time="0.23" errors="0" timestamp="2024-05-19T12:15:00 EEST">
  <testcase classname="testCases.TC001_ValidRegisterTest" name="registerNewCustomerTest" time="0.0">
    <ignored/>
  </testcase> <!-- registerNewCustomerTest -->
  <testcase classname="testCases.TC006_AddingProductToCartTest" name="addBookToCartTest" time="0.0">
    <ignored/>
  </testcase> <!-- addBookToCartTest -->
  <testcase classname="testCases.TC010_E2ETest" name="E2ETest" time="0.0">
    <ignored/>
  </testcase> <!-- E2ETest -->
</testsuite>
