<?xml version="1.0" encoding="UTF-8"?>
<testng-results ignored="0" total="1" passed="1" failed="0" skipped="0">
  <reporter-output>
  </reporter-output>
  <suite started-at="2024-08-12T12:55:14 EET" name="Default suite" finished-at="2024-08-12T12:55:30 EET" duration-ms="16508">
    <groups>
      <group name="Smoke">
        <method signature="TC010_E2ETest.E2ETest()[pri:0, instance:testCases.TC010_E2ETest@368247b9]" name="E2ETest" class="testCases.TC010_E2ETest"/>
      </group> <!-- Smoke -->
    </groups>
    <test started-at="2024-08-12T12:55:14 EET" name="Default test" finished-at="2024-08-12T12:55:30 EET" duration-ms="16508">
      <class name="testCases.TC010_E2ETest">
        <test-method is-config="true" signature="setUp()[pri:0, instance:testCases.TC010_E2ETest@368247b9]" started-at="2024-08-12T12:55:14 EET" name="setUp" finished-at="2024-08-12T12:55:17 EET" duration-ms="3295" status="PASS">
          <reporter-output>
          </reporter-output>
        </test-method> <!-- setUp -->
        <test-method signature="E2ETest()[pri:0, instance:testCases.TC010_E2ETest@368247b9]" started-at="2024-08-12T12:55:17 EET" name="E2ETest" finished-at="2024-08-12T12:55:30 EET" duration-ms="12032" status="PASS">
          <reporter-output>
          </reporter-output>
        </test-method> <!-- E2ETest -->
        <test-method is-config="true" signature="logOUt()[pri:0, instance:testCases.TC010_E2ETest@368247b9]" started-at="2024-08-12T12:55:30 EET" name="logOUt" finished-at="2024-08-12T12:55:30 EET" duration-ms="793" status="PASS">
          <reporter-output>
          </reporter-output>
        </test-method> <!-- logOUt -->
        <test-method is-config="true" signature="tearDown()[pri:0, instance:testCases.TC010_E2ETest@368247b9]" started-at="2024-08-12T12:55:30 EET" name="tearDown" finished-at="2024-08-12T12:55:30 EET" duration-ms="117" status="PASS">
          <reporter-output>
          </reporter-output>
        </test-method> <!-- tearDown -->
      </class> <!-- testCases.TC010_E2ETest -->
    </test> <!-- Default test -->
  </suite> <!-- Default suite -->
</testng-results>
