<?xml version="1.0" encoding="UTF-8"?>
<testng-results ignored="0" total="3" passed="3" failed="0" skipped="0">
  <reporter-output>
  </reporter-output>
  <suite started-at="2024-08-20T01:18:49 EEST" name="Default suite" finished-at="2024-08-20T01:18:59 EEST" duration-ms="10657">
    <groups>
      <group name="cucumber">
        <method signature="AbstractTestNGCucumberTests.runScenario(io.cucumber.testng.PickleWrapper,io.cucumber.testng.FeatureWrapper)[pri:0, instance:runner.RunnerTestNG@55b0dcab]" name="runScenario" class="io.cucumber.testng.AbstractTestNGCucumberTests"/>
      </group> <!-- cucumber -->
    </groups>
    <test started-at="2024-08-20T01:18:49 EEST" name="Default test" finished-at="2024-08-20T01:18:59 EEST" duration-ms="10657">
      <class name="runner.RunnerTestNG">
        <test-method is-config="true" signature="setUpClass(org.testng.ITestContext)[pri:0, instance:runner.RunnerTestNG@55b0dcab]" started-at="2024-08-20T01:18:49 EEST" name="setUpClass" finished-at="2024-08-20T01:18:49 EEST" duration-ms="394" status="PASS">
          <params>
            <param index="0">
              <value>
                <![CDATA[org.testng.TestRunner@7318daf8]]>
              </value>
            </param>
          </params>
          <reporter-output>
          </reporter-output>
        </test-method> <!-- setUpClass -->
        <test-method signature="runScenario(io.cucumber.testng.PickleWrapper,io.cucumber.testng.FeatureWrapper)[pri:0, instance:runner.RunnerTestNG@55b0dcab]" started-at="2024-08-20T01:18:49 EEST" name="runScenario" description="Runs Cucumber Scenarios" data-provider="scenarios" finished-at="2024-08-20T01:18:53 EEST" duration-ms="4162" status="PASS">
          <params>
            <param index="0">
              <value>
                <![CDATA["user could sign in with valid data"]]>
              </value>
            </param>
            <param index="1">
              <value>
                <![CDATA["testing logging in feature"]]>
              </value>
            </param>
          </params>
          <reporter-output>
          </reporter-output>
        </test-method> <!-- runScenario -->
        <test-method signature="runScenario(io.cucumber.testng.PickleWrapper,io.cucumber.testng.FeatureWrapper)[pri:0, instance:runner.RunnerTestNG@55b0dcab]" started-at="2024-08-20T01:18:49 EEST" name="runScenario" description="Runs Cucumber Scenarios" data-provider="scenarios" finished-at="2024-08-20T01:18:55 EEST" duration-ms="6052" status="PASS">
          <params>
            <param index="0">
              <value>
                <![CDATA["user try to log in with a valid email and invalid password"]]>
              </value>
            </param>
            <param index="1">
              <value>
                <![CDATA["testing logging in feature"]]>
              </value>
            </param>
          </params>
          <reporter-output>
          </reporter-output>
        </test-method> <!-- runScenario -->
        <test-method signature="runScenario(io.cucumber.testng.PickleWrapper,io.cucumber.testng.FeatureWrapper)[pri:0, instance:runner.RunnerTestNG@55b0dcab]" started-at="2024-08-20T01:18:53 EEST" name="runScenario" description="Runs Cucumber Scenarios" data-provider="scenarios" finished-at="2024-08-20T01:18:59 EEST" duration-ms="5657" status="PASS">
          <params>
            <param index="0">
              <value>
                <![CDATA["user try to log in with an invalid username"]]>
              </value>
            </param>
            <param index="1">
              <value>
                <![CDATA["testing logging in feature"]]>
              </value>
            </param>
          </params>
          <reporter-output>
          </reporter-output>
        </test-method> <!-- runScenario -->
        <test-method is-config="true" signature="tearDownClass()[pri:0, instance:runner.RunnerTestNG@55b0dcab]" started-at="2024-08-20T01:18:59 EEST" name="tearDownClass" finished-at="2024-08-20T01:18:59 EEST" duration-ms="251" status="PASS">
          <reporter-output>
          </reporter-output>
        </test-method> <!-- tearDownClass -->
      </class> <!-- runner.RunnerTestNG -->
    </test> <!-- Default test -->
  </suite> <!-- Default suite -->
</testng-results>
