<?xml version="1.0" encoding="UTF-8"?>
<testng-results ignored="0" total="1" passed="1" failed="0" skipped="0">
  <reporter-output>
  </reporter-output>
  <suite started-at="2024-08-28T22:14:53 EEST" name="Default suite" finished-at="2024-08-28T22:15:05 EEST" duration-ms="11834">
    <groups>
      <group name="Smoke">
        <method signature="TC010_E2ETest.E2ETest()[pri:0, instance:testCases.TC010_E2ETest@1a9c38eb]" name="E2ETest" class="testCases.TC010_E2ETest"/>
      </group> <!-- Smoke -->
    </groups>
    <test started-at="2024-08-28T22:14:53 EEST" name="Default test" finished-at="2024-08-28T22:15:05 EEST" duration-ms="11834">
      <class name="testCases.TC010_E2ETest">
        <test-method is-config="true" signature="setUp()[pri:0, instance:testCases.TC010_E2ETest@1a9c38eb]" started-at="2024-08-28T22:14:53 EEST" name="setUp" finished-at="2024-08-28T22:14:54 EEST" duration-ms="1309" status="PASS">
          <reporter-output>
          </reporter-output>
        </test-method> <!-- setUp -->
        <test-method signature="E2ETest()[pri:0, instance:testCases.TC010_E2ETest@1a9c38eb]" started-at="2024-08-28T22:14:54 EEST" name="E2ETest" finished-at="2024-08-28T22:15:04 EEST" duration-ms="9548" status="PASS">
          <reporter-output>
          </reporter-output>
        </test-method> <!-- E2ETest -->
        <test-method is-config="true" signature="logOUt()[pri:0, instance:testCases.TC010_E2ETest@1a9c38eb]" started-at="2024-08-28T22:15:04 EEST" name="logOUt" finished-at="2024-08-28T22:15:04 EEST" duration-ms="683" status="PASS">
          <reporter-output>
          </reporter-output>
        </test-method> <!-- logOUt -->
        <test-method is-config="true" signature="tearDown()[pri:0, instance:testCases.TC010_E2ETest@1a9c38eb]" started-at="2024-08-28T22:15:04 EEST" name="tearDown" finished-at="2024-08-28T22:15:05 EEST" duration-ms="101" status="PASS">
          <reporter-output>
          </reporter-output>
        </test-method> <!-- tearDown -->
      </class> <!-- testCases.TC010_E2ETest -->
    </test> <!-- Default test -->
  </suite> <!-- Default suite -->
</testng-results>
