<?xml version="1.0" encoding="UTF-8"?>
<!-- Generated by org.testng.reporters.JUnitReportReporter -->
<testsuite hostname="LAPTOP-E7OUSJFP" failures="0" tests="3" name="runner.RunnerTestNG" time="12.021" errors="0" timestamp="2024-08-20T20:15:12 EEST" skipped="0">
  <testcase classname="runner.RunnerTestNG" name="runScenario" time="3.691"/>
  <testcase classname="runner.RunnerTestNG" name="runScenario" time="5.151"/>
  <testcase classname="runner.RunnerTestNG" name="runScenario" time="3.179"/>
</testsuite> <!-- runner.RunnerTestNG -->
