<?xml version="1.0" encoding="UTF-8"?>
<!-- Generated by org.testng.reporters.JUnitReportReporter -->
<testsuite hostname="LAPTOP-E7OUSJFP" failures="0" tests="3" name="runner.RunnerTestNG" time="15.871" errors="0" timestamp="2024-08-20T01:19:00 EEST" skipped="0">
  <testcase classname="runner.RunnerTestNG" name="runScenario" time="4.162"/>
  <testcase classname="runner.RunnerTestNG" name="runScenario" time="6.052"/>
  <testcase classname="runner.RunnerTestNG" name="runScenario" time="5.657"/>
</testsuite> <!-- runner.RunnerTestNG -->
